INFO: [VRFC 10-2263] Analyzing SystemVerilog file "C:/Users/chamo/Desktop/RISCV_Group/RISCV_Group.srcs/sources_1/new/EXMEM.sv" into library xil_defaultlib
INFO: [VRFC 10-311] analyzing module EXMEM
INFO: [VRFC 10-2263] Analyzing SystemVerilog file "C:/Users/chamo/Desktop/RISCV_Group/RISCV_Group.srcs/sources_1/new/ForwardingUnit.sv" into library xil_defaultlib
INFO: [VRFC 10-311] analyzing module ForwardingUnit
INFO: [VRFC 10-2263] Analyzing SystemVerilog file "C:/Users/chamo/Desktop/RISCV_Group/RISCV_Group.srcs/sources_1/new/IDEX.sv" into library xil_defaultlib
INFO: [VRFC 10-311] analyzing module IDEX
INFO: [VRFC 10-2263] Analyzing SystemVerilog file "C:/Users/chamo/Desktop/RISCV_Group/RISCV_Group.srcs/sources_1/new/IFID.sv" into library xil_defaultlib
INFO: [VRFC 10-311] analyzing module IFID
INFO: [VRFC 10-2263] Analyzing SystemVerilog file "C:/Users/chamo/Desktop/RISCV_Group/RISCV_Group.srcs/sources_1/new/MEMWB.sv" into library xil_defaultlib
INFO: [VRFC 10-311] analyzing module MEMWB
INFO: [VRFC 10-2263] Analyzing SystemVerilog file "C:/Users/chamo/Desktop/RISCV_Group/RISCV_Group.srcs/sources_1/new/Parser.sv" into library xil_defaultlib
INFO: [VRFC 10-311] analyzing module Parser
INFO: [VRFC 10-2263] Analyzing SystemVerilog file "C:/Users/chamo/Desktop/RISCV_Group/RISCV_Group.srcs/sources_1/new/RISC_V_Processor.sv" into library xil_defaultlib
INFO: [VRFC 10-311] analyzing module RISC_V_Processor
INFO: [VRFC 10-2263] Analyzing SystemVerilog file "C:/Users/chamo/Desktop/RISCV_Group/RISCV_Group.srcs/sources_1/new/ThreebyOneMux.sv" into library xil_defaultlib
INFO: [VRFC 10-311] analyzing module ThreebyOneMux
INFO: [VRFC 10-2263] Analyzing SystemVerilog file "C:/Users/chamo/Desktop/RISCV_Group/RISCV_Group.srcs/sources_1/new/adder.sv" into library xil_defaultlib
INFO: [VRFC 10-311] analyzing module adder
INFO: [VRFC 10-2263] Analyzing SystemVerilog file "C:/Users/chamo/Desktop/RISCV_Group/RISCV_Group.srcs/sources_1/new/alu.sv" into library xil_defaultlib
INFO: [VRFC 10-311] analyzing module alu
INFO: [VRFC 10-2263] Analyzing SystemVerilog file "C:/Users/chamo/Desktop/RISCV_Group/RISCV_Group.srcs/sources_1/new/alu_control.sv" into library xil_defaultlib
INFO: [VRFC 10-311] analyzing module alu_control
INFO: [VRFC 10-2263] Analyzing SystemVerilog file "C:/Users/chamo/Desktop/RISCV_Group/RISCV_Group.srcs/sources_1/new/branching_unit.sv" into library xil_defaultlib
INFO: [VRFC 10-311] analyzing module branching_unit
INFO: [VRFC 10-2263] Analyzing SystemVerilog file "C:/Users/chamo/Desktop/RISCV_Group/RISCV_Group.srcs/sources_1/new/control_unit.sv" into library xil_defaultlib
INFO: [VRFC 10-311] analyzing module control_unit
INFO: [VRFC 10-2263] Analyzing SystemVerilog file "C:/Users/chamo/Desktop/RISCV_Group/RISCV_Group.srcs/sources_1/new/data_extractor.sv" into library xil_defaultlib
INFO: [VRFC 10-311] analyzing module data_extractor
INFO: [VRFC 10-2263] Analyzing SystemVerilog file "C:/Users/chamo/Desktop/RISCV_Group/RISCV_Group.srcs/sources_1/new/data_memory.sv" into library xil_defaultlib
INFO: [VRFC 10-311] analyzing module data_memory
INFO: [VRFC 10-2263] Analyzing SystemVerilog file "C:/Users/chamo/Desktop/RISCV_Group/RISCV_Group.srcs/sources_1/new/hazard_detection_unit.sv" into library xil_defaultlib
INFO: [VRFC 10-311] analyzing module hazard_detection_unit
INFO: [VRFC 10-2263] Analyzing SystemVerilog file "C:/Users/chamo/Desktop/RISCV_Group/RISCV_Group.srcs/sources_1/new/instruction_memory.sv" into library xil_defaultlib
INFO: [VRFC 10-311] analyzing module instruction_memory
INFO: [VRFC 10-2263] Analyzing SystemVerilog file "C:/Users/chamo/Desktop/RISCV_Group/RISCV_Group.srcs/sources_1/new/mux.sv" into library xil_defaultlib
INFO: [VRFC 10-311] analyzing module mux
INFO: [VRFC 10-2263] Analyzing SystemVerilog file "C:/Users/chamo/Desktop/RISCV_Group/RISCV_Group.srcs/sources_1/new/pipeline_flush.sv" into library xil_defaultlib
INFO: [VRFC 10-311] analyzing module pipeline_flush
INFO: [VRFC 10-2263] Analyzing SystemVerilog file "C:/Users/chamo/Desktop/RISCV_Group/RISCV_Group.srcs/sources_1/new/program_counter.sv" into library xil_defaultlib
INFO: [VRFC 10-311] analyzing module program_counter
INFO: [VRFC 10-2263] Analyzing SystemVerilog file "C:/Users/chamo/Desktop/RISCV_Group/RISCV_Group.srcs/sources_1/new/registerFile.sv" into library xil_defaultlib
INFO: [VRFC 10-311] analyzing module registerFile
INFO: [VRFC 10-2263] Analyzing SystemVerilog file "C:/Users/chamo/Desktop/RISCV_Group/RISCV_Group.srcs/sim_1/new/tb.sv" into library xil_defaultlib
INFO: [VRFC 10-311] analyzing module tb
